"../../../Engine/Content/EditorResources/S_Actor.uasset" 0
"../../../Engine/Content/EditorResources/S_Emitter.uasset" 1
"../../../Engine/Content/EngineResources/AICON-Red.uasset" 2
"../../../Engine/Content/EngineResources/AICON-Green.uasset" 3
"../../../Engine/Content/EngineFonts/Roboto.uasset" 4
"../../../Engine/Content/Functions/Engine_MaterialFunctions01/Shading/PowerToRoughness.uasset" 5
"../../../Engine/Content/EngineMaterials/DefaultDiffuse.uasset" 6
"../../../Engine/Content/EngineMaterials/DefaultDeferredDecalMaterial.uasset" 7
"../../../Engine/Content/EngineMaterials/DefaultLightFunctionMaterial.uasset" 8
"../../../Engine/Content/Functions/Engine_MaterialFunctions02/Utility/BreakOutFloat2Components.uasset" 9
"../../../Engine/Content/EngineMaterials/DefaultPostProcessMaterial.uasset" 10
"../../../Engine/Content/EngineResources/DefaultTexture.uasset" 11
"../../../Engine/Content/Functions/Engine_MaterialFunctions01/Texturing/ScaleUVsByCenter.uasset" 12
"../../../Engine/Content/Functions/Engine_MaterialFunctions02/ScreenResolution.uasset" 13
"../../../Engine/Content/Functions/Engine_MaterialFunctions02/Texturing/ScreenAlignedUVs.uasset" 14
"../../../Engine/Content/EngineResources/WhiteSquareTexture.uasset" 15
"../../../Engine/Content/EngineMaterials/Widget3DPassThrough.uasset" 16
"../../../Engine/Content/EngineMaterials/Widget3DPassThrough_Translucent.uasset" 17
"../../../Engine/Content/EngineMaterials/Widget3DPassThrough_Translucent_OneSided.uasset" 18
"../../../Engine/Content/EngineMaterials/Widget3DPassThrough_Opaque.uasset" 19
"../../../Engine/Content/EngineMaterials/Widget3DPassThrough_Opaque_OneSided.uasset" 20
"../../../Engine/Content/EngineMaterials/Widget3DPassThrough_Masked.uasset" 21
"../../../Engine/Content/EngineMaterials/Widget3DPassThrough_Masked_OneSided.uasset" 22
"../../../Engine/Content/EditorResources/S_LevelSequence.uasset" 23
"../../../Engine/Content/EditorResources/Bad.uasset" 24
"../../../Engine/Content/EditorMeshes/EditorCube.uasset" 25
"../../../Engine/Content/EditorMeshes/EditorSphere.uasset" 26
"../../../Engine/Content/EditorMeshes/EditorPlane.uasset" 27
"../../../Engine/Content/EditorMeshes/EditorCylinder.uasset" 28
"../../../Engine/Content/Maps/Templates/Thumbnails/Default.uasset" 29
"../../../Engine/Content/Maps/Templates/Thumbnails/VR-Basic.uasset" 30
"../../../Engine/Content/EditorMaterials/Thumbnails/SkySphereMaterial.uasset" 31
"../../../Engine/Content/EditorMeshes/EditorSkySphere.uasset" 32
"../../../Engine/Content/EngineMaterials/Grid.uasset" 33
"../../../Engine/Content/EditorMaterials/Thumbnails/FloorPlaneMaterial.uasset" 34
"../../../Engine/Content/MapTemplates/Sky/DaylightAmbientCubemap.uasset" 35
"../../../Engine/Content/EditorMaterials/ParticleSystems/PSysThumbnail_NoImage.uasset" 36
"../../../Engine/Content/EditorMaterials/ParticleSystems/PSysThumbnail_OOD.uasset" 37
"../../../Engine/Content/EditorResources/S_DecalActorIcon.uasset" 38
"../../../Engine/Content/EditorLandscapeResources/LandscapeGizmo_Mat.uasset" 39
"../../../Engine/Content/EditorLandscapeResources/LandscapeGizmo_Mat_Copied.uasset" 40
"../../../Engine/Content/EditorLandscapeResources/LandscapeGizmoHeight_Mat.uasset" 41
"../../../Engine/Content/EditorLandscapeResources/DataLayer.uasset" 42
"../../../Engine/Content/EditorResources/S_Terrain.uasset" 43
"../../../Engine/Content/EditorLandscapeResources/SplineEditorMeshMat.uasset" 44
"../../../Engine/Content/EditorLandscapeResources/SplineEditorMesh.uasset" 45
"../../../Engine/Content/EditorResources/MatineeCam_D.uasset" 46
"../../../Engine/Content/EditorMaterials/MatineeCam_mat.uasset" 47
"../../../Engine/Content/EditorMeshes/MatineeCam_SM.uasset" 48
"../../../Engine/Content/Functions/Engine_MaterialFunctions02/Utility/Sign.uasset" 49
"../../../Engine/Content/Functions/Engine_MaterialFunctions02/Utility/Round.uasset" 50
"../../../Engine/Content/Functions/Engine_MaterialFunctions02/ExampleContent/Textures/flipbook.uasset" 51
"../../../Engine/Content/Functions/Engine_MaterialFunctions02/Texturing/FlipBook.uasset" 52
"../../../Engine/Content/EditorResources/T_EditorHelp.uasset" 53
"../../../Engine/Content/EditorMaterials/HelpActorMaterial.uasset" 54
"../../../Engine/Content/EditorResources/S_ExpoHeightFog.uasset" 55
"../../../Engine/Content/EditorResources/S_NavP.uasset" 56
"../../../Engine/Content/EditorResources/S_Player.uasset" 57
"../../../Engine/Content/EditorResources/LightIcons/SkyLight.uasset" 58
"../../../Engine/Content/EditorResources/S_WindDirectional.uasset" 59
"../../../Engine/Content/EngineDamageTypes/DmgTypeBP_Environmental.uasset" 60
"../../../Engine/Content/EditorResources/LightIcons/S_LightDirectional.uasset" 61
"../../../Engine/Content/EditorResources/LightIcons/S_LightDirectionalMove.uasset" 62
"../../../Engine/Content/EditorResources/LightIcons/S_LightPoint.uasset" 63
"../../../Engine/Content/EditorResources/LightIcons/S_LightPointMove.uasset" 64
"../../../Engine/Content/EditorResources/LightIcons/S_LightSpot.uasset" 65
"../../../Engine/Content/EditorResources/LightIcons/S_LightSpotMove.uasset" 66
"../../../Engine/Content/EditorResources/S_PortalActorIcon2.uasset" 67
"../../../Engine/Content/EditorResources/MatInstActSprite.uasset" 68
"../../../Engine/Content/EditorResources/SceneManager.uasset" 69
"../../../Engine/Content/EditorResources/AI/S_NavLink.uasset" 70
"../../../Engine/Content/EditorResources/S_Note.uasset" 71
"../../../Engine/Content/EngineMeshes/Sphere.uasset" 72
"../../../Engine/Content/EditorResources/S_ReflActorIcon.uasset" 73
"../../../Engine/Content/EditorResources/S_Thruster.uasset" 74
"../../../Engine/Content/EditorResources/S_RadForce.uasset" 75
"../../../Engine/Content/EditorMaterials/TargetIcon.uasset" 76
"../../../Engine/Content/EngineFonts/RobotoDistanceField.uasset" 77
"../../../Engine/Content/EngineMaterials/DefaultTextMaterialOpaque.uasset" 78
"../../../Engine/Content/EditorResources/S_TextRenderActorIcon.uasset" 79
"../../../Engine/Content/EditorResources/S_Trigger.uasset" 80
"../../../Engine/Content/EditorResources/S_VectorFieldVol.uasset" 81
"../../../Engine/Content/EngineResources/GradientTexture0.uasset" 82
"../../../Engine/Content/EngineResources/Black.uasset" 83
"../../../Engine/Content/EditorMaterials/MatineeGroups/MAT_Groups_Float.uasset" 84
"../../../Engine/Content/EditorMaterials/MatineeGroups/MAT_Groups_Director.uasset" 85
"../../../Engine/Content/EditorMaterials/MatineeGroups/MAT_Groups_Event.uasset" 86
"../../../Engine/Content/EditorMaterials/MatineeGroups/MAT_Groups_Anim.uasset" 87
"../../../Engine/Content/EditorMaterials/MatineeGroups/MAT_Groups_Fade.uasset" 88
"../../../Engine/Content/EditorMaterials/MatineeGroups/MAT_Groups_Move.uasset" 89
"../../../Engine/Content/EditorMaterials/MatineeGroups/MAT_Groups_Slomo.uasset" 90
"../../../Engine/Content/EditorMaterials/MatineeGroups/MAT_ColorTrack.uasset" 91
"../../../Engine/Content/EditorMaterials/MAT_Groups_Toggle.uasset" 92
"../../../Engine/Content/EditorMaterials/MatineeGroups/MAT_Groups_AudioMaster.uasset" 93
"../../../Engine/Content/EditorMaterials/MatineeGroups/MAT_Groups_Sound.uasset" 94
"../../../Engine/Content/EditorMaterials/MatineeGroups/MAT_Groups_Vector.uasset" 95
"../../../Engine/Content/EditorMaterials/MAT_Groups_Visibility.uasset" 96
"../../../Engine/Content/EngineResources/DefaultTextureCube.uasset" 97
"../../../Engine/Content/Functions/Engine_MaterialFunctions01/Opacity/CameraDepthFade.uasset" 98
"../../../Engine/Content/EngineMaterials/T_Default_Material_Grid_M.uasset" 99
"../../../Engine/Content/EngineMaterials/T_Default_Material_Grid_N.uasset" 100
"../../../Engine/Content/EngineMaterials/DefaultMaterial.uasset" 101
"../../../Engine/Content/EngineMeshes/Cylinder.uasset" 102
"../../../Engine/Content/EngineTireTypes/DefaultTireType.uasset" 103
"../../../Engine/Content/EditorMaterials/Camera/CineMat.uasset" 104
"../../../Engine/Content/EditorMaterials/Camera/MI_CineMat_Rig.uasset" 105
"../../../Engine/Content/EditorMeshes/Camera/SM_CraneRig_Base.uasset" 106
"../../../Engine/Content/EditorMeshes/Camera/SM_CraneRig_Arm.uasset" 107
"../../../Engine/Content/EditorMeshes/Camera/SM_CraneRig_Mount.uasset" 108
"../../../Engine/Content/EditorMeshes/Camera/SM_CraneRig_Body.uasset" 109
"../../../Engine/Content/EditorMeshes/Camera/SM_RailRig_Track.uasset" 110
"../../../Engine/Content/EditorMeshes/Camera/SM_RailRig_Mount.uasset" 111
"../../../Engine/Content/EditorMaterials/Camera/MI_CineMat_CameraBody.uasset" 112
"../../../Engine/Content/EngineDebugMaterials/M_SimpleOpaque.uasset" 113
"../../../Engine/Content/EditorMaterials/Camera/MI_CineMat_CamViewFinder.uasset" 114
"../../../Engine/Content/EditorMeshes/Camera/SM_CineCam.uasset" 115
"../../../Engine/Content/EngineMaterials/WorldGridMaterial.uasset" 116
"../../../Engine/Content/ArtTools/RenderToTexture/Meshes/S_1_Unit_Plane.uasset" 117
"../../../Engine/Content/EngineDebugMaterials/M_SimpleTranslucent.uasset" 118
"../../../Engine/Content/EditorResources/S_FTest.uasset" 119
"../../../Engine/Content/VREditor/LaserPointer/VR_LaserPower_01.uasset" 120
"../../../Engine/Content/VREditor/TransformGizmo/TransformGizmoMaterial.uasset" 121
"../../../Engine/Content/VREditor/TransformGizmo/TranslucentTransformGizmoMaterial.uasset" 122
"../../../Engine/Content/VREditor/TransformGizmo/TranslationHandle.uasset" 123
"../../../Engine/Content/VREditor/TransformGizmo/PlaneTranslationHandle.uasset" 124
"../../../Engine/Content/VREditor/TransformGizmo/RotationHandle.uasset" 125
"../../../Engine/Content/VREditor/TransformGizmo/StretchingHandle.uasset" 126
"../../../Engine/Content/VREditor/TransformGizmo/BoundingBoxCorner.uasset" 127
"../../../Engine/Content/VREditor/TransformGizmo/BoundingBoxEdge.uasset" 128
"../../../Engine/Content/VREditor/TransformGizmo/UniformScaleHandle.uasset" 129
"../../../Engine/Content/VREditor/FloatingText/LineMaterial.uasset" 130
"../../../Engine/Content/VREditor/FloatingText/LineSegmentCylinder.uasset" 131
"../../../Engine/Content/VREditor/FloatingText/JointSphere.uasset" 132
"../../../Engine/Content/VREditor/Fonts/VRText_RobotoLarge.uasset" 133
"../../../Engine/Content/VREditor/Fonts/VRTextMaterial.uasset" 134
"../../../Engine/Content/VREditor/Fonts/TranslucentVRTextMaterial.uasset" 135
"../../../Engine/Content/VREditor/UI/SelectionBarMesh.uasset" 136
"../../../Engine/Content/VREditor/UI/CloseButtonMesh.uasset" 137
"../../../Engine/Plugins/2D/Paper2D/Content/PlaceholderTextures/DummySpriteTexture.uasset" 138
"../../../Engine/Plugins/2D/Paper2D/Content/DefaultSpriteMaterial.uasset" 139
"../../../Engine/Plugins/2D/Paper2D/Content/MaskedUnlitSpriteMaterial.uasset" 140
"../../../Engine/Plugins/2D/Paper2D/Content/OpaqueUnlitSpriteMaterial.uasset" 141
"../../../Engine/Plugins/2D/Paper2D/Content/DummySprite.uasset" 142
"../../../Engine/Plugins/2D/Paper2D/Content/DefaultPaperTerrainMaterial.uasset" 143
"../../../Engine/Content/EditorMaterials/CompositeARGBLayer.uasset" 144
"../../../Engine/Content/EditorMaterials/MakeCompositeARGBLayer.uasset" 145
"../../../Engine/Content/EditorResources/LevelGrid1DStripes.uasset" 146
"../../../Engine/Content/EditorMaterials/TextureGridCascaded1D.uasset" 147
"../../../Engine/Content/EditorMaterials/TextureGridCascaded2D.uasset" 148
"../../../Engine/Content/EditorMaterials/LevelGridMaterial2.uasset" 149
"../../../Engine/Content/EditorResources/EmptyActor.uasset" 150
"../../../TeamShrug/Content/FirstPerson/Character/Mesh/SK_Mannequin_Arms_Skeleton.uasset" 151
"../../../TeamShrug/Content/FirstPerson/Animations/FirstPerson_Idle.uasset" 152
"../../../TeamShrug/Content/FirstPerson/Animations/FirstPerson_JumpEnd.uasset" 153
"../../../TeamShrug/Content/FirstPerson/Animations/FirstPerson_JumpLoop.uasset" 154
"../../../TeamShrug/Content/FirstPerson/Animations/FirstPerson_JumpStart.uasset" 155
"../../../TeamShrug/Content/FirstPerson/Animations/FirstPerson_Run.uasset" 156
"../../../Engine/Content/EditorBlueprintResources/StandardMacros.uasset" 157
"../../../TeamShrug/Content/FirstPerson/Animations/FirstPerson_AnimBP.uasset" 158
"../../../TeamShrug/Content/FirstPerson/Animations/FirstPerson_Fire.uasset" 159
"../../../TeamShrug/Content/FirstPerson/Animations/FirstPersonFire_Montage.uasset" 160
"../../../TeamShrug/Content/Blueprints/BP_Spawner.uasset" 161
"../../../TeamShrug/Content/Blueprints/BP_HUD.uasset" 162
"../../../TeamShrug/Content/Blueprints/BP_Leaderboard.uasset" 163
"../../../TeamShrug/Content/Blueprints/BP_Timer.uasset" 164
"../../../Engine/Content/BasicShapes/BasicShapeMaterial.uasset" 165
"../../../Engine/Content/BasicShapes/Sphere.uasset" 166
"../../../TeamShrug/Content/Test/Textures/Grenade_Texture.uasset" 167
"../../../TeamShrug/Content/Test/Materials/Grenade.uasset" 168
"../../../TeamShrug/Content/Geometry/Meshes/Grenade.uasset" 169
"../../../TeamShrug/Content/StarterContent/Textures/T_Burst_M.uasset" 170
"../../../TeamShrug/Content/StarterContent/Particles/Materials/M_Burst.uasset" 171
"../../../TeamShrug/Content/StarterContent/Textures/T_Explosion_SubUV.uasset" 172
"../../../TeamShrug/Content/StarterContent/Particles/Materials/M_explosion_subUV.uasset" 173
"../../../TeamShrug/Content/StarterContent/Particles/Materials/m_flare_01.uasset" 174
"../../../Engine/Content/Functions/Engine_MaterialFunctions01/Gradient/RadialGradient.uasset" 175
"../../../TeamShrug/Content/StarterContent/Particles/Materials/M_radial_ramp.uasset" 176
"../../../TeamShrug/Content/StarterContent/Textures/T_Smoke_SubUV.uasset" 177
"../../../TeamShrug/Content/StarterContent/Textures/T_Smoke_Tiled_D.uasset" 178
"../../../TeamShrug/Content/StarterContent/Particles/Materials/M_smoke_subUV.uasset" 179
"../../../TeamShrug/Content/Particles/P_Explosion.uasset" 180
"../../../TeamShrug/Content/Blueprints/BP_Mine.uasset" 181
"../../../TeamShrug/Content/FirstPerson/Meshes/BaseMaterial.uasset" 182
"../../../TeamShrug/Content/FirstPerson/Meshes/FirstPersonProjectileMaterial.uasset" 183
"../../../TeamShrug/Content/FirstPerson/Meshes/FirstPersonProjectileMesh.uasset" 184
"../../../TeamShrug/Content/FirstPersonCPP/Blueprints/FirstPersonProjectile.uasset" 185
"../../../TeamShrug/Content/FirstPerson/Audio/FirstPersonTemplateWeaponFire02.uasset" 186
"../../../Engine/Content/Functions/Engine_MaterialFunctions02/Utility/BlendAngleCorrectedNormals.uasset" 187
"../../../Engine/Content/Functions/MaterialLayerFunctions/MatLayerBlend_NormalBlend.uasset" 188
"../../../Engine/Content/Functions/MaterialLayerFunctions/MatLayerBlend_Simple.uasset" 189
"../../../TeamShrug/Content/FirstPerson/Character/Materials/MaterialLayers/T_ML_Rubber_Blue_01_D.uasset" 190
"../../../TeamShrug/Content/FirstPerson/Character/Materials/MaterialLayers/T_ML_Rubber_Blue_01_N.uasset" 191
"../../../TeamShrug/Content/FirstPerson/Character/Materials/MaterialLayers/ML_GlossyBlack_Latex_UE4.uasset" 192
"../../../TeamShrug/Content/FirstPerson/Character/Materials/MaterialLayers/ML_Plastic_Shiny_Beige.uasset" 193
"../../../TeamShrug/Content/FirstPerson/Character/Textures/UE4_LOGO_CARD.uasset" 194
"../../../TeamShrug/Content/FirstPerson/Character/Materials/MaterialLayers/ML_Plastic_Shiny_Beige_LOGO.uasset" 195
"../../../TeamShrug/Content/FirstPerson/Character/Materials/MaterialLayers/T_ML_Aluminum01.uasset" 196
"../../../TeamShrug/Content/FirstPerson/Character/Materials/MaterialLayers/T_ML_Aluminum01_N.uasset" 197
"../../../TeamShrug/Content/FirstPerson/Character/Materials/MaterialLayers/ML_SoftMetal_UE4.uasset" 198
"../../../TeamShrug/Content/FirstPerson/Character/Textures/UE4_Mannequin__normals.uasset" 199
"../../../TeamShrug/Content/FirstPerson/Character/Textures/UE4_Mannequin_MAT_MASKA.uasset" 200
"../../../TeamShrug/Content/FirstPerson/Character/Materials/M_UE4Man_Body.uasset" 201
"../../../TeamShrug/Content/FirstPerson/Character/Mesh/SK_Mannequin_Arms_PhysicsAsset.uasset" 202
"../../../TeamShrug/Content/FirstPerson/Character/Mesh/SK_Mannequin_Arms.uasset" 203
"../../../TeamShrug/Content/FirstPerson/FPWeapon/Materials/MaterialLayers/T_ML_Rubber_Blue_01_D.uasset" 204
"../../../TeamShrug/Content/FirstPerson/FPWeapon/Materials/MaterialLayers/T_ML_Rubber_Blue_01_N.uasset" 205
"../../../TeamShrug/Content/FirstPerson/FPWeapon/Materials/MaterialLayers/ML_GlossyBlack_Latex_UE4.uasset" 206
"../../../TeamShrug/Content/FirstPerson/FPWeapon/Materials/MaterialLayers/ML_Plastic_Shiny_Beige.uasset" 207
"../../../TeamShrug/Content/FirstPerson/FPWeapon/Materials/MaterialLayers/ML_Screen.uasset" 208
"../../../TeamShrug/Content/FirstPerson/FPWeapon/Materials/MaterialLayers/T_ML_Aluminum01.uasset" 209
"../../../TeamShrug/Content/FirstPerson/FPWeapon/Materials/MaterialLayers/T_ML_Aluminum01_N.uasset" 210
"../../../TeamShrug/Content/FirstPerson/FPWeapon/Materials/MaterialLayers/ML_SoftMetal_UE4.uasset" 211
"../../../TeamShrug/Content/FirstPerson/FPWeapon/Textures/T_FPGun_M.uasset" 212
"../../../TeamShrug/Content/FirstPerson/FPWeapon/Textures/T_FPGun_N.uasset" 213
"../../../TeamShrug/Content/FirstPerson/FPWeapon/Materials/M_FPGun.uasset" 214
"../../../TeamShrug/Content/FirstPerson/FPWeapon/Mesh/SK_FPGun_Skeleton.uasset" 215
"../../../TeamShrug/Content/FirstPerson/FPWeapon/Mesh/SK_FPGun.uasset" 216
"../../../TeamShrug/Content/StarterContent/Textures/T_MacroVariation.uasset" 217
"../../../TeamShrug/Content/StarterContent/Materials/M_Metal_Brushed_Nickel.uasset" 218
"../../../TeamShrug/Content/Test/Detector.uasset" 219
"../../../TeamShrug/Content/Blueprints/FirstPersonCharacter.uasset" 220
"../../../TeamShrug/Content/Blueprints/BP_GameMode.uasset" 221
"../../../Engine/Content/MobileResources/HUD/MobileHUDButton3.uasset" 222
"../../../Engine/Content/MobileResources/HUD/MobileHUDButton1_off.uasset" 223
"../../../Engine/Content/MobileResources/HUD/MobileHUDDirectionPad3.uasset" 224
"../../../Engine/Content/MobileResources/T_MobileMenu2.uasset" 225
"../../../Engine/Content/MobileResources/HUD/MobileHUDButton2_off.uasset" 226
"../../../Engine/Content/MobileResources/HUD/MobileHUDDirectionPad.uasset" 227
"../../../Engine/Content/MobileResources/HUD/T_Castle_ThumbstickInner.uasset" 228
"../../../Engine/Content/MobileResources/T_MobileControls_texture.uasset" 229
"../../../Engine/Content/MobileResources/HUD/AnalogHat.uasset" 230
"../../../Engine/Content/MobileResources/HUD/VirtualJoystick_Background.uasset" 231
"../../../Engine/Content/MobileResources/HUD/VirtualJoystick_Thumb.uasset" 232
"../../../Engine/Content/MobileResources/HUD/DefaultVirtualJoysticks.uasset" 233
"../../../Engine/Content/MobileResources/HUD/LeftVirtualJoystickOnly.uasset" 234
"../../../Engine/Content/MobileResources/HUD/MobileHUDButton1_on.uasset" 235
"../../../Engine/Content/MobileResources/HUD/MobileHUDButton2_on.uasset" 236
"../../../Engine/Content/MobileResources/HUD/MobileHUDButtonFire.uasset" 237
"../../../Engine/Content/MobileResources/HUD/MobileHUDDirectionPad2.uasset" 238
"../../../Engine/Content/MobileResources/HUD/MobileHUDDirectionStick.uasset" 239
"../../../Engine/Content/MobileResources/HUD/T_Castle_ThumbstickOutter.uasset" 240
"../../../TeamShrug/Content/FirstPerson/Textures/FirstPersonCrosshair.uasset" 241
"../../../Engine/Content/EditorSounds/Notifications/CompileSuccess.uasset" 242
"../../../Engine/Content/EditorSounds/Notifications/CompileStart_Cue.uasset" 243
"../../../Engine/Content/EditorSounds/Notifications/CompileSuccess_Cue.uasset" 244
"../../../Engine/Content/EditorSounds/Notifications/CompileFailed.uasset" 245
"../../../Engine/Content/EditorSounds/Notifications/CompileFailed_Cue.uasset" 246
"../../../Engine/Content/BufferVisualization/BaseColor.uasset" 247
"../../../Engine/Content/BufferVisualization/CustomDepth.uasset" 248
"../../../Engine/Content/Functions/Engine_MaterialFunctions02/Utility/MakeFloat2.uasset" 249
"../../../Engine/Content/Functions/Engine_MaterialFunctions02/Utility/MakeFloat3.uasset" 250
"../../../Engine/Content/EngineMaterials/MiniFont.uasset" 251
"../../../Engine/Content/BufferVisualization/CustomStencil.uasset" 252
"../../../Engine/Content/BufferVisualization/FinalImage.uasset" 253
"../../../Engine/Content/BufferVisualization/LightingModel.uasset" 254
"../../../Engine/Content/BufferVisualization/MaterialAO.uasset" 255
"../../../Engine/Content/BufferVisualization/Metallic.uasset" 256
"../../../Engine/Content/BufferVisualization/Opacity.uasset" 257
"../../../Engine/Content/BufferVisualization/Roughness.uasset" 258
"../../../Engine/Content/BufferVisualization/SceneColor.uasset" 259
"../../../Engine/Content/BufferVisualization/SceneDepth.uasset" 260
"../../../Engine/Content/BufferVisualization/SeparateTranslucencyRGB.uasset" 261
"../../../Engine/Content/BufferVisualization/SeparateTranslucencyA.uasset" 262
"../../../Engine/Content/BufferVisualization/Specular.uasset" 263
"../../../Engine/Content/BufferVisualization/SubsurfaceColor.uasset" 264
"../../../Engine/Content/BufferVisualization/WorldNormal.uasset" 265
"../../../Engine/Content/EngineMaterials/DefaultPhysicalMaterial.uasset" 266
"../../../Engine/Content/BufferVisualization/AmbientOcclusion.uasset" 267
"../../../Engine/Content/Functions/Engine_MaterialFunctions02/Utility/VectorLength.uasset" 268
"../../../Engine/Content/BufferVisualization/CustomDepthWorldUnits.uasset" 269
"../../../Engine/Content/BufferVisualization/SceneDepthWorldUnits.uasset" 270
"../../../Engine/Content/BufferVisualization/HDRColor.uasset" 271
"../../../Engine/Content/Tutorial/Basics/TutorialAssets/icon_tab_Levels_40x.uasset" 272
"../../../Engine/Content/Tutorial/BlueprintTutorials/TutorialAssets/Blueprint_64x.uasset" 273
"../../../Engine/Content/EngineMaterials/HighResolutionScreenshotMaskFunction.uasset" 274
"../../../Engine/Content/EngineMaterials/HighResScreenshot.uasset" 275
"../../../Engine/Content/EngineMaterials/HighResScreenshotMask.uasset" 276
"../../../Engine/Content/EngineMaterials/HighResScreenshotCaptureRegion.uasset" 277
"../../../Engine/Content/EngineDebugMaterials/WireframeMaterial.uasset" 278
"../../../Engine/Content/Functions/Engine_MaterialFunctions01/Shading/ConvertFromDiffSpec.uasset" 279
"../../../Engine/Content/EngineDebugMaterials/LevelColorationLitMaterial.uasset" 280
"../../../Engine/Content/EngineDebugMaterials/LevelColorationUnlitMaterial.uasset" 281
"../../../Engine/Content/EngineMaterials/DefaultWhiteGrid.uasset" 282
"../../../Engine/Content/EngineDebugMaterials/MAT_LevelColorationLitLightmapUV.uasset" 283
"../../../Engine/Content/EngineDebugMaterials/ShadedLevelColorationLitMaterial.uasset" 284
"../../../Engine/Content/EngineDebugMaterials/ShadedLevelColorationUnlitMateri.uasset" 285
"../../../Engine/Content/EngineDebugMaterials/VertexColorMaterial.uasset" 286
"../../../Engine/Content/EngineDebugMaterials/VertexColorViewMode_ColorOnly.uasset" 287
"../../../Engine/Content/EngineDebugMaterials/VertexColorViewMode_AlphaAsColor.uasset" 288
"../../../Engine/Content/EngineDebugMaterials/VertexColorViewMode_RedOnly.uasset" 289
"../../../Engine/Content/EngineDebugMaterials/VertexColorViewMode_GreenOnly.uasset" 290
"../../../Engine/Content/EngineDebugMaterials/VertexColorViewMode_BlueOnly.uasset" 291
"../../../Engine/Content/EngineMaterials/RemoveSurfaceMaterial.uasset" 292
"../../../Engine/Content/EngineDebugMaterials/DebugMeshMaterial.uasset" 293
"../../../Engine/Content/EngineMaterials/InvalidLightmapSettings.uasset" 294
"../../../Engine/Content/EngineMaterials/M_InvalidLightmapSettings.uasset" 295
"../../../Engine/Content/EditorMaterials/GizmoMaterial.uasset" 296
"../../../Engine/Content/EngineDebugMaterials/GeomMaterial.uasset" 297
"../../../Engine/Content/EngineMaterials/EditorBrushMaterial.uasset" 298
"../../../Engine/Content/EngineDebugMaterials/HeatmapGradient.uasset" 299
"../../../Engine/Content/EngineDebugMaterials/BoneWeightMaterial.uasset" 300
"../../../Engine/Content/EditorMaterials/PreviewShadowIndicator.uasset" 301
"../../../Engine/Content/EditorMaterials/PreviewShadowIndicatorMaterial.uasset" 302
"../../../Engine/Content/EditorMaterials/PhAT_JointLimitMaterial.uasset" 303
"../../../Engine/Content/EditorResources/BSPVertex.uasset" 304
"../../../Engine/Content/EngineMaterials/Good64x64TilingNoiseHighFreq.uasset" 305
"../../../Engine/Content/EngineMaterials/DefaultBokeh.uasset" 306
"../../../Engine/Content/EngineMaterials/PreintegratedSkinBRDF.uasset" 307
"../../../Engine/Content/EngineMaterials/WeightMapPlaceholderTexture.uasset" 308
"../../../Engine/Content/EngineFonts/RobotoTiny.uasset" 309
"../../../Engine/Content/Tutorial/ContentIntroCurve.uasset" 310
"../../../Engine/Content/EditorMaterials/Cross.uasset" 311
"../../../Engine/Content/EditorMaterials/Cross_Mat.uasset" 312
"../../../Engine/Content/EditorMaterials/PhAT_BoneSelectedMaterial.uasset" 313
"../../../Engine/Content/EditorMaterials/PhAT_ElemSelectedMaterial.uasset" 314
"../../../Engine/Content/EditorMaterials/PhAT_NoCollisionMaterial.uasset" 315
"../../../Engine/Content/EditorMaterials/PhAT_UnselectedMaterial.uasset" 316
"../../../Engine/Content/EditorMaterials/Tick.uasset" 317
"../../../Engine/Content/EditorMaterials/Tick_Mat.uasset" 318
"../../../Engine/Content/EditorMaterials/WidgetGridVertexColorMaterial.uasset" 319
"../../../Engine/Content/EditorMaterials/WidgetGridVertexColorMaterial_Ma.uasset" 320
"../../../Engine/Content/EditorMaterials/WidgetMaterial.uasset" 321
"../../../Engine/Content/EditorMaterials/WidgetMaterial_Current.uasset" 322
"../../../Engine/Content/EditorMaterials/WidgetMaterial_X.uasset" 323
"../../../Engine/Content/EditorMaterials/WidgetMaterial_Y.uasset" 324
"../../../Engine/Content/EditorMaterials/WidgetMaterial_Z.uasset" 325
"../../../Engine/Content/EditorMaterials/WidgetVertexColorMaterial.uasset" 326
"../../../Engine/Content/EditorMaterials/TilingAALineIntegral.uasset" 327
"../../../Engine/Content/EditorMaterials/TilingAALineBoxFiltered.uasset" 328
"../../../Engine/Content/Functions/Engine_MaterialFunctions03/Procedurals/ComputeFilterWidth.uasset" 329
"../../../Engine/Content/EditorMaterials/TilingAADots.uasset" 330
"../../../Engine/Content/EditorMaterials/Cascade/CASC_Cross.uasset" 331
"../../../Engine/Content/EditorMaterials/Cascade/CASC_None.uasset" 332
"../../../Engine/Content/Functions/Engine_MaterialFunctions03/Blends/Blend_Screen.uasset" 333
"../../../Engine/Content/EditorMaterials/TilingAAGrid.uasset" 334
"../../../Engine/Content/EditorMaterials/LevelGridMaterial.uasset" 335
"../../../Engine/Content/EditorResources/SmallFont.uasset" 336
"../../../Engine/Content/EditorResources/S_KBSJoint.uasset" 337
"../../../Engine/Content/EditorResources/S_KHinge.uasset" 338
"../../../Engine/Content/EditorResources/S_KPrismatic.uasset" 339
"../../../Engine/Content/EditorResources/LightIcons/S_LightError.uasset" 340
"../../../Engine/Content/EditorResources/Spline/T_Loft_Spline.uasset" 341
"../../../Engine/Content/EngineMaterials/BlinkingCaret.uasset" 342
"../../../Engine/Content/EngineMaterials/DefaultNormal.uasset" 343
"../../../Engine/Content/EngineMaterials/Grid_N.uasset" 344
"../../../Engine/Content/EngineMaterials/LandscapeHolePhysicalMaterial.uasset" 345
"../../../Engine/Content/EngineMaterials/PaperDiffuse.uasset" 346
"../../../Engine/Content/EngineMaterials/PaperNormal.uasset" 347
"../../../Engine/Content/EngineMaterials/PhysMat_Rubber.uasset" 348
"../../../Engine/Content/EngineFonts/SmallFont.uasset" 349
"../../../Engine/Content/EngineFonts/TinyFont.uasset" 350
"../../../Engine/Content/EngineResources/StreamingPauseIcon.uasset" 351
"../../../Engine/Content/EngineResources/M_StreamingPause.uasset" 352
"../../../Engine/Content/BasicShapes/Cube.uasset" 353
"../../../Engine/Content/BasicShapes/Cylinder.uasset" 354
"../../../Engine/Content/BasicShapes/Cone.uasset" 355
"../../../Engine/Content/EditorResources/SequenceRecorder/Countdown.uasset" 356
"../../../Engine/Content/EditorResources/SequenceRecorder/RecordingIndicator.uasset" 357
"../../../Engine/Content/EditorLandscapeResources/DefaultAlphaTexture.uasset" 358
"../../../Engine/Content/EngineSky/C_Sky_Cloud_Color.uasset" 359
"../../../Engine/Content/EngineSky/C_Sky_Horizon_Color.uasset" 360
"../../../Engine/Content/EngineSky/C_Sky_Zenith_Color.uasset" 361
"../../../Engine/Content/EngineSky/T_Sky_Blue.uasset" 362
"../../../Engine/Content/EngineSky/T_Sky_Clouds_M.uasset" 363
"../../../Engine/Content/EngineSky/T_Sky_Stars.uasset" 364
"../../../Engine/Content/EngineSky/M_Sky_Panning_Clouds2.uasset" 365
"../../../Engine/Content/EngineSky/SM_SkySphere.uasset" 366
"../../../Engine/Content/EngineSky/BP_Sky_Sphere.uasset" 367
"../../../TeamShrug/Content/Blueprints/BP_Score.uasset" 368
"../../../TeamShrug/Content/Test/Materials/Fountain.uasset" 369
"../../../TeamShrug/Content/StarterContent/Textures/T_Concrete_Grime_D.uasset" 370
"../../../TeamShrug/Content/Test/Materials/Cars.uasset" 371
"../../../TeamShrug/Content/Test/Broken_Car.uasset" 372
"../../../TeamShrug/Content/Test/Materials/Cars_2.uasset" 373
"../../../TeamShrug/Content/Test/Broken_Car_2.uasset" 374
"../../../TeamShrug/Content/StarterContent/Textures/T_Metal_Rust_N.uasset" 375
"../../../TeamShrug/Content/StarterContent/Textures/T_Perlin_Noise_M.uasset" 376
"../../../TeamShrug/Content/Test/Materials/Building2.uasset" 377
"../../../TeamShrug/Content/Test/Building_1.uasset" 378
"../../../TeamShrug/Content/Test/Building_2.uasset" 379
"../../../TeamShrug/Content/Test/Materials/Building3.uasset" 380
"../../../TeamShrug/Content/Test/Materials/Dishes.uasset" 381
"../../../TeamShrug/Content/Test/Building_3.uasset" 382
"../../../TeamShrug/Content/Test/Building_4.uasset" 383
"../../../TeamShrug/Content/Test/Textures/leafes_mask.uasset" 384
"../../../TeamShrug/Content/Test/Materials/Leafes.uasset" 385
"../../../TeamShrug/Content/Test/Materials/Trunk.uasset" 386
"../../../TeamShrug/Content/Test/Bush_1.uasset" 387
"../../../TeamShrug/Content/Test/Bush_2.uasset" 388
"../../../TeamShrug/Content/Test/Materials/Fabric.uasset" 389
"../../../TeamShrug/Content/Test/Chair.uasset" 390
"../../../TeamShrug/Content/Test/Materials/Fabric2.uasset" 391
"../../../TeamShrug/Content/Test/Chair2.uasset" 392
"../../../TeamShrug/Content/Test/Fountain_low.uasset" 393
"../../../TeamShrug/Content/Test/Lamp.uasset" 394
"../../../TeamShrug/Content/StarterContent/Textures/T_Rock_Sandstone_D.uasset" 395
"../../../TeamShrug/Content/StarterContent/Textures/T_Rock_Sandstone_N.uasset" 396
"../../../TeamShrug/Content/StarterContent/Materials/M_Rock_Sandstone.uasset" 397
"../../../TeamShrug/Content/Test/Level.uasset" 398
"../../../TeamShrug/Content/Test/Textures/Rug_Texture.uasset" 399
"../../../TeamShrug/Content/Test/Materials/Rug.uasset" 400
"../../../TeamShrug/Content/Test/Rug.uasset" 401
"../../../TeamShrug/Content/Test/Materials/Rug2.uasset" 402
"../../../TeamShrug/Content/Test/Rug2.uasset" 403
"../../../TeamShrug/Content/Test/Materials/Sandbags_mat.uasset" 404
"../../../TeamShrug/Content/Test/Sandbags.uasset" 405
"../../../TeamShrug/Content/Test/Shelf.uasset" 406
"../../../TeamShrug/Content/Test/Textures/Stand_texture.uasset" 407
"../../../TeamShrug/Content/Test/Materials/stand_roof.uasset" 408
"../../../TeamShrug/Content/Test/Stand.uasset" 409
"../../../TeamShrug/Content/Test/Materials/stand_roof2.uasset" 410
"../../../TeamShrug/Content/Test/Stand2.uasset" 411
"../../../TeamShrug/Content/Test/Materials/Branches.uasset" 412
"../../../TeamShrug/Content/Test/Table.uasset" 413
"../../../TeamShrug/Content/Test/Tree.uasset" 414
"../../../TeamShrug/Content/Test/Tree_2.uasset" 415
"../../../TeamShrug/Content/MyTown.umap" 416
