Log file open, 10/31/16 21:32:47
LogInit:Display: Running engine for game: TeamShrug
LogPlatformFile: Not using cached read wrapper
LogInit:Display: RandInit(1232077232) SRandInit(1232077233).
LogTaskGraph: Started task graph with 4 named threads and 7 total threads with 1 sets of task threads.
LogStats: Stats thread started at 0.155639
LogInit: Version: 4.12.5-3039270+++UE4+Release-4.12
LogInit: API Version: 2992821
LogInit: Net Version: 3039270
LogDevObjectVersion: Number of dev versions registered: 13
LogDevObjectVersion:   Dev-Blueprints (B0D832E4-1F89-4F0D-ACCF-7EB736FD4AA2): 3
LogDevObjectVersion:   Dev-Build (E1C64328-A22C-4D53-A36C-8E866417BD8C): 0
LogDevObjectVersion:   Dev-Core (375EC13C-06E4-48FB-B500-84F0262A717E): 1
LogDevObjectVersion:   Dev-Editor (E4B068ED-F494-42E9-A231-DA0B2E46BB41): 2
LogDevObjectVersion:   Dev-Framework (CFFC743F-43B0-4480-9391-14DF171D2073): 6
LogDevObjectVersion:   Dev-Mobile (B02B49B5-BB20-44E9-A304-32B752E40360): 0
LogDevObjectVersion:   Dev-Networking (A4E4105C-59A1-49B5-A7C5-40C4547EDFEE): 0
LogDevObjectVersion:   Dev-Online (39C831C9-5AE6-47DC-9A44-9C173E1C8E7C): 0
LogDevObjectVersion:   Dev-Physics (78F01B33-EBEA-4F98-B9B4-84EACCB95AA2): 0
LogDevObjectVersion:   Dev-Platform (6631380F-2D4D-43E0-8009-CF276956A95A): 0
LogDevObjectVersion:   Dev-Rendering (12F88B9F-8875-4AFC-A67C-D90C383ABD29): 2
LogDevObjectVersion:   Dev-Sequencer (7B5AE74C-D270-4C10-A958-57980B212A5A): 0
LogDevObjectVersion:   Dev-VR (D7296918-1DD6-4BDD-9DE2-64A83CC13884): 0
LogInit: Compiled (64-bit): Jul  6 2016 09:09:46
LogInit: Compiled with Visual C++: 19.00.23026.00
LogInit: Build Configuration: Development
LogInit: Branch Name: ++UE4+Release-4.12
LogInit: Command line: 
LogInit: Base directory: C:/Program Files (x86)/Epic Games/4.12/Engine/Binaries/Win64/
LogInit: Installed Engine Build: 1
LogInit: Using libcurl 7.41.0
LogInit:  - built for x86_64-pc-win32
LogInit:  - supports SSL with WinSSL
LogInit:  - other features:
LogInit:      CURL_VERSION_SSL
LogInit:      CURL_VERSION_IPV6
LogInit:      CURL_VERSION_ASYNCHDNS
LogInit:      CURL_VERSION_LARGEFILE
LogInit:      CURL_VERSION_IDN
LogInit:  CurlRequestOptions (configurable via config and command line):
LogInit:  - bVerifyPeer = true  - Libcurl will verify peer certificate
LogInit:  - bUseHttpProxy = false  - Libcurl will NOT use HTTP proxy
LogInit:  - bDontReuseConnections = false  - Libcurl will reuse connections
LogInit:  - CertBundlePath = nullptr  - Libcurl will use whatever was configured at build time.
LogInit: Presizing for max 8388607 objects, including 0 objects not considered by GC, pre-allocating 0 bytes for permanent pool.
LogInit: Object subsystem initialized
[2016.10.31-21.32.47:508][  0]LogInit: Selected Device Profile: [Windows]
[2016.10.31-21.32.47:508][  0]LogInit: Applying CVar settings loaded from the selected device profile: [Windows]
[2016.10.31-21.32.47:517][  0]LogInit: Computer: JAMESM-PC
[2016.10.31-21.32.47:517][  0]LogInit: User: JamesMoran
[2016.10.31-21.32.47:517][  0]LogInit: CPU Page size=65536, Cores=4
[2016.10.31-21.32.47:517][  0]LogInit: High frequency timer resolution =3.222657 MHz
[2016.10.31-21.32.47:517][  0]LogMemory: Memory total: Physical=15.9GB (16GB approx)
[2016.10.31-21.32.47:517][  0]LogMemory: Platform Memory Stats for Windows
[2016.10.31-21.32.47:517][  0]LogMemory: Process Physical Memory: 190.09 MB used, 190.09 MB peak
[2016.10.31-21.32.47:518][  0]LogMemory: Process Virtual Memory: 195.43 MB used, 195.43 MB peak
[2016.10.31-21.32.47:518][  0]LogMemory: Physical Memory: 9891.69 MB used, 16277.10 MB total
[2016.10.31-21.32.47:518][  0]LogMemory: Virtual Memory: 552.96 MB used, 134217728.00 MB total
[2016.10.31-21.32.47:646][  0]LogTextLocalizationManager: No specific translations for ('en-GB') exist, so ('en') translations will be used.
[2016.10.31-21.32.48:019][  0]LogD3D11RHI: D3D11 adapters:
[2016.10.31-21.32.48:046][  0]LogD3D11RHI:    0. 'NVIDIA GeForce GTX 760' (Feature Level 11_0)
[2016.10.31-21.32.48:046][  0]LogD3D11RHI:       2017/0/8138 MB DedicatedVideo/DedicatedSystem/SharedSystem, Outputs:1, VendorId:0x10de
[2016.10.31-21.32.48:077][  0]LogD3D11RHI:    1. 'Intel(R) HD Graphics 4600' (Feature Level 11_0)
[2016.10.31-21.32.48:077][  0]LogD3D11RHI:       112/0/2048 MB DedicatedVideo/DedicatedSystem/SharedSystem, Outputs:0, VendorId:0x8086
[2016.10.31-21.32.48:084][  0]LogD3D11RHI:    2. 'Microsoft Basic Render Driver' (Feature Level 11_0)
[2016.10.31-21.32.48:085][  0]LogD3D11RHI:       0/0/8138 MB DedicatedVideo/DedicatedSystem/SharedSystem, Outputs:0, VendorId:0x1414
[2016.10.31-21.32.48:086][  0]LogD3D11RHI: Chosen D3D11 Adapter: 0
[2016.10.31-21.32.48:091][  0]LogD3D11RHI: Creating new Direct3DDevice
[2016.10.31-21.32.48:101][  0]LogD3D11RHI:     GPU DeviceId: 0x1187 (for the marketing name, search the web for "GPU Device Id")
[2016.10.31-21.32.48:103][  0]LogWindows: EnumDisplayDevices:
[2016.10.31-21.32.48:117][  0]LogWindows:    0. 'NVIDIA GeForce GTX 760' (P:1 D:1)
[2016.10.31-21.32.48:119][  0]LogWindows:    1. 'NVIDIA GeForce GTX 760' (P:0 D:0)
[2016.10.31-21.32.48:130][  0]LogWindows:    2. 'NVIDIA GeForce GTX 760' (P:0 D:0)
[2016.10.31-21.32.48:138][  0]LogWindows:    3. 'NVIDIA GeForce GTX 760' (P:0 D:0)
[2016.10.31-21.32.48:139][  0]LogWindows:    4. 'Intel(R) HD Graphics 4600' (P:0 D:0)
[2016.10.31-21.32.48:140][  0]LogWindows:    5. 'Intel(R) HD Graphics 4600' (P:0 D:0)
[2016.10.31-21.32.48:142][  0]LogWindows:    6. 'Intel(R) HD Graphics 4600' (P:0 D:0)
[2016.10.31-21.32.48:143][  0]LogWindows: DebugString: PrimaryIsNotTheChoosenAdapter PrimaryIsNotTheChoosenAdapter PrimaryIsNotTheChoosenAdapter FoundDriverCount:4 
[2016.10.31-21.32.48:143][  0]LogD3D11RHI:     Adapter Name: NVIDIA GeForce GTX 760
[2016.10.31-21.32.48:144][  0]LogD3D11RHI:   Driver Version: 369.09 (internal:21.21.13.6909, unified:369.09)
[2016.10.31-21.32.48:144][  0]LogD3D11RHI:      Driver Date: 8-1-2016
[2016.10.31-21.32.48:144][  0]LogRHI: Texture pool is 1361 MB (70% of 1945 MB)
[2016.10.31-21.32.48:164][  0]LogD3D11RHI: Async texture creation enabled
[2016.10.31-21.32.48:176][  0]LogD3D11RHI: GPU Timing Frequency: 1000.000000 (Debug: 2 1)
[2016.10.31-21.32.48:177][  0]LogShaderCompilers: Guid format shader working directory is -21 characters bigger than the processId version (../../../../../../Users/James Moran/Desktop/TeamShrugGameJam/TeamShrug/Intermediate/Shaders/WorkingDirectory/6640/).
[2016.10.31-21.32.48:177][  0]LogShaderCompilers: Cleaned the shader compiler working directory 'C:/Users/JAMESM~1/AppData/Local/Temp/UnrealShaderWorkingDir/A1FA05924BB9AEEC524FB9BF9F43164A/'.
[2016.10.31-21.32.48:177][  0]LogShaderCompilers:Display: Using Local Shader Compiler.
[2016.10.31-21.32.49:035][  0]LogTemp:Display: Loaded TP AllDesktopTargetPlatform
[2016.10.31-21.32.49:051][  0]LogTemp:Display: Loaded TP WindowsClientTargetPlatform
[2016.10.31-21.32.49:066][  0]LogTemp:Display: Loaded TP WindowsNoEditorTargetPlatform
[2016.10.31-21.32.49:081][  0]LogTemp:Display: Loaded TP WindowsServerTargetPlatform
[2016.10.31-21.32.49:098][  0]LogTemp:Display: Loaded TP WindowsTargetPlatform
[2016.10.31-21.32.49:109][  0]LogTemp:Display: Loaded TP AndroidTargetPlatform
[2016.10.31-21.32.49:120][  0]LogTemp:Display: Loaded TP Android_ASTCTargetPlatform
[2016.10.31-21.32.49:131][  0]LogTemp:Display: Loaded TP Android_ATCTargetPlatform
[2016.10.31-21.32.49:143][  0]LogTemp:Display: Loaded TP Android_DXTTargetPlatform
[2016.10.31-21.32.49:153][  0]LogTemp:Display: Loaded TP Android_ETC1TargetPlatform
[2016.10.31-21.32.49:164][  0]LogTemp:Display: Loaded TP Android_ETC2TargetPlatform
[2016.10.31-21.32.49:187][  0]LogTemp:Display: Loaded TP Android_MultiTargetPlatform
[2016.10.31-21.32.49:187][  0]LogTemp:Display: Loaded TP Android_PVRTCTargetPlatform
[2016.10.31-21.32.49:191][  0]LogTemp:Display: Loaded TP HTML5TargetPlatform
[2016.10.31-21.32.49:228][  0]LogTemp:Display: Loaded TP IOSTargetPlatform
[2016.10.31-21.32.49:241][  0]LogTemp:Display: Loaded TP TVOSTargetPlatform
[2016.10.31-21.32.49:253][  0]LogTemp:Display: Loaded TP LinuxNoEditorTargetPlatform
[2016.10.31-21.32.49:265][  0]LogTemp:Display: Loaded TP LinuxServerTargetPlatform
[2016.10.31-21.32.49:276][  0]LogTemp:Display: Loaded TP LinuxTargetPlatform
[2016.10.31-21.32.49:276][  0]LogTargetPlatformManager:Display: Building Assets For Windows
[2016.10.31-21.32.49:476][  0]LogDerivedDataCache:Display: Max Cache Size: 512 MB
[2016.10.31-21.32.49:559][  0]LogDerivedDataCache: Loaded boot cache 0.08s 102MB C:/Users/James Moran/AppData/Local/UnrealEngine/4.12/DerivedDataCache/Boot.ddc.
[2016.10.31-21.32.49:559][  0]LogDerivedDataCache:Display: Loaded Boot cache: C:/Users/James Moran/AppData/Local/UnrealEngine/4.12/DerivedDataCache/Boot.ddc
[2016.10.31-21.32.49:560][  0]LogDerivedDataCache: FDerivedDataBackendGraph:  Pak pak cache file ../../../../../../Users/James Moran/Desktop/TeamShrugGameJam/TeamShrug/DerivedDataCache/DDC.ddp not found, will not use a pak cache.
[2016.10.31-21.32.49:560][  0]LogDerivedDataCache: Unable to find inner node Pak for hierarchical cache Hierarchy.
[2016.10.31-21.32.49:560][  0]LogDerivedDataCache: FDerivedDataBackendGraph:  CompressedPak pak cache file ../../../../../../Users/James Moran/Desktop/TeamShrugGameJam/TeamShrug/DerivedDataCache/Compressed.ddp not found, will not use a pak cache.
[2016.10.31-21.32.49:560][  0]LogDerivedDataCache: Unable to find inner node CompressedPak for hierarchical cache Hierarchy.
[2016.10.31-21.32.49:575][  0]LogDerivedDataCache:Display: Pak cache opened for reading ../../../Engine/DerivedDataCache/Compressed.ddp.
[2016.10.31-21.32.49:588][  0]LogDerivedDataCache: Using Local data cache path C:/Users/James Moran/AppData/Local/UnrealEngine/Common/DerivedDataCache: Writable
[2016.10.31-21.32.49:754][  0]LogInit: Selected Device Profile: [Windows]
[2016.10.31-21.32.49:755][  0]LogContentStreaming: Texture pool size is 0.00 MB
[2016.10.31-21.32.49:917][  0]LogMeshUtilities: No automatic mesh reduction module available
[2016.10.31-21.32.49:917][  0]LogMeshUtilities: No automatic mesh merging module available
[2016.10.31-21.32.49:917][  0]LogMeshUtilities: No distributed automatic mesh merging module available
[2016.10.31-21.32.50:152][  0]LogAssetRegistry: FAssetRegistry took 0.0236 seconds to start up
[2016.10.31-21.32.50:176][  0]LogPackageLocalizationCache: Processed 3 localized package path(s) for 2 prioritized culture(s) in 0.020450 seconds
[2016.10.31-21.32.50:181][  0]LogUObjectArray: 28739 objects as part of root set at end of initial load.
[2016.10.31-21.32.50:181][  0]LogUObjectAllocator: 5855624 out of 0 bytes used by permanent object pool.
[2016.10.31-21.32.50:181][  0]LogUObjectArray: CloseDisregardForGC: 0/0 objects in disregard for GC pool
[2016.10.31-21.32.50:195][  0]LogInit: WinSock: version 1.1 (2.2), MaxSocks=32767, MaxUdp=65467
[2016.10.31-21.32.50:690][  0]LogSlate: SlateFontCache - WITH_FREETYPE: 1, WITH_HARFBUZZ: 1
[2016.10.31-21.32.50:691][  0]LogSlate: SlateFontCache - WITH_FREETYPE: 1, WITH_HARFBUZZ: 1
[2016.10.31-21.32.51:344][  0]LogUdpMessaging: Initializing bridge on interface 0.0.0.0:0 to multicast group 230.0.0.1:6666.
[2016.10.31-21.32.51:867][  0]SourceControl: Info Source control is disabled
[2016.10.31-21.32.51:868][  0]SourceControl: Info Source control is disabled
[2016.10.31-21.32.51:884][  0]SourceControl: Info Source control is disabled
[2016.10.31-21.32.51:905][  0]SourceControl: Info Source control is disabled
[2016.10.31-21.32.52:256][  0]LogEngine: Initializing Engine...
[2016.10.31-21.32.52:260][  0]LogHMD: SteamVR failed to initialize.  Err: 110
[2016.10.31-21.32.52:263][  0]LogHMD: SteamVR failed to initialize.  Err: 110
[2016.10.31-21.32.52:395][  0]LogAIModule: Creating AISystem for world NewWorld
[2016.10.31-21.32.52:415][  0]LogInit: XAudio2 using 'Speakers (Raptor HS40)' : 2 channels at 44.1 kHz using 16 bits per sample (channel mask 0x3)
[2016.10.31-21.32.52:439][  0]LogInit: FAudioDevice initialized.
[2016.10.31-21.32.52:483][  0]LogDerivedDataCache: Saved boot cache 0.04s 89MB C:/Users/James Moran/AppData/Local/UnrealEngine/4.12/DerivedDataCache/Boot.ddc.
[2016.10.31-21.32.52:488][  0]LogInit: Texture streaming: Enabled
[2016.10.31-21.32.52:547][  0]LogInit: Transaction tracking system initialized
[2016.10.31-21.32.52:616][  0]BlueprintLog: New page: Editor Load
[2016.10.31-21.32.52:942][  0]LocalizationService: Info Localization service is disabled
[2016.10.31-21.32.53:091][  0]LogConsoleResponse:Display: 
[2016.10.31-21.32.53:188][  0]LogCook:Display: Max memory allowance for cook 8192mb
[2016.10.31-21.32.53:188][  0]LogCook:Display: Mobile HDR setting 1
[2016.10.31-21.32.53:411][  0]LogFileCache: Scanning file cache for directory 'C:/Users/James Moran/Desktop/TeamShrugGameJam/TeamShrug/Content/' took 0.02s
[2016.10.31-21.32.53:428][  0]SourceControl: Info Source control is disabled
[2016.10.31-21.32.53:428][  0]Cmd: MAP LOAD FILE="../../../../../../Users/James Moran/Desktop/TeamShrugGameJam/TeamShrug/Content/FirstPersonCPP/Maps/FirstPersonExampleMap.umap" TEMPLATE=0 SHOWPROGRESS=1 FEATURELEVEL=3
[2016.10.31-21.32.53:428][  0]LightingResults: New page: Lighting Build
[2016.10.31-21.32.53:432][  0]MapCheck: New page: Map Check
[2016.10.31-21.32.53:432][  0]LightingResults: New page: Lighting Build
[2016.10.31-21.32.53:585][  0]LogAIModule: Creating AISystem for world FirstPersonExampleMap
[2016.10.31-21.32.53:600][  0]LogEditorServer: Finished looking for orphan Actors (0.000 secs)
[2016.10.31-21.32.53:600][  0]Cmd: MAP CHECKDEP NOCLEARLOG
[2016.10.31-21.32.53:648][  0]MapCheck: Info Map check complete: 0 Error(s), 0 Warning(s), took 47.805ms to complete.
[2016.10.31-21.32.53:648][  0]LogFileHelpers: Loading map 'FirstPersonExampleMap' took 0.221
[2016.10.31-21.32.53:813][  0]LogCollectionManager: Loaded 0 collections in 0.003056 seconds
[2016.10.31-21.32.53:857][  0]LogFileCache: Scanning file cache for directory 'C:/Users/James Moran/Desktop/TeamShrugGameJam/TeamShrug/Saved/Collections/' took 0.01s
[2016.10.31-21.32.53:857][  0]LogFileCache: Scanning file cache for directory 'C:/Users/James Moran/Desktop/TeamShrugGameJam/TeamShrug/Content/Developers/JamesMoran/Collections/' took 0.01s
[2016.10.31-21.32.53:857][  0]LogFileCache: Scanning file cache for directory 'C:/Users/James Moran/Desktop/TeamShrugGameJam/TeamShrug/Content/Collections/' took 0.01s
[2016.10.31-21.32.53:857][  0]LogCollectionManager: Rebuilt the GUID cache for 0 collections in 0.000002 seconds
[2016.10.31-21.32.53:867][  0]LogContentBrowser: Native class hierarchy populated in 0.0093 seconds. Added 2052 classes and 372 folders.
[2016.10.31-21.32.53:871][  0]LogStats: UGameplayTagsManager::ConstructGameplayTagTree: Construct from data asset -  0.000 s
[2016.10.31-21.32.53:871][  0]LogStats: UGameplayTagsManager::ConstructGameplayTagTree: GameplayTagTreeChangedEvent.Broadcast -  0.000 s
[2016.10.31-21.32.53:874][  0]LogContentBrowser: Native class hierarchy updated for 'GameplayTags' in 0.0026 seconds. Added 12 classes and 0 folders.
[2016.10.31-21.32.53:883][  0]LogContentBrowser: Native class hierarchy updated for 'WidgetCarousel' in 0.0026 seconds. Added 0 classes and 0 folders.
[2016.10.31-21.32.53:928][  0]LogContentBrowser: Native class hierarchy updated for 'AddContentDialog' in 0.0028 seconds. Added 0 classes and 0 folders.
[2016.10.31-21.32.53:946][  0]LogContentBrowser: Native class hierarchy updated for 'SceneOutliner' in 0.0028 seconds. Added 1 classes and 2 folders.
[2016.10.31-21.32.53:967][  0]LogCrashTracker: Crashtracker disabled due to settings.
[2016.10.31-21.32.53:973][  0]LogUObjectGlobals:Warning: Failed to find object 'Class None.'
[2016.10.31-21.32.54:015][  0]LogContentBrowser: Native class hierarchy updated for 'HierarchicalLODOutliner' in 0.0026 seconds. Added 1 classes and 2 folders.
[2016.10.31-21.32.54:015][  0]LogLoad: Full Startup: 7.55 seconds (BP compile: 0.08 seconds)
[2016.10.31-21.32.54:015][  0]LogExternalProfiler: Found external profiler: VSPerf
[2016.10.31-21.32.54:015][  0]LogExternalProfiler: Using external profiler: VSPerf
[2016.10.31-21.32.54:024][  0]LogWindowsTextInputMethodSystem:Display: IME system now deactivated.
[2016.10.31-21.32.54:024][  0]LogOcInput: OculusInput pre-init called
[2016.10.31-21.32.54:042][  0]LogContentStreaming: Texture pool size now 1000 MB
[2016.10.31-21.32.54:186][  0]LogRenderer: Reallocating scene render targets to support 1208x576 (Frame:2).
[2016.10.31-21.32.54:265][  1]LogAssetRegistry: Asset discovery search completed in 4.1364 seconds
[2016.10.31-21.32.54:265][  1]LogCollectionManager: Rebuilt the object cache for 0 collections in 0.000001 seconds (found 0 objects)
[2016.10.31-21.32.54:266][  1]LogCollectionManager: Fixed up redirectors for 0 collections in 0.000173 seconds (updated 0 objects)
[2016.10.31-21.32.59:347][452]LogContentBrowser: Native class hierarchy updated for 'BlueprintGraph' in 0.0060 seconds. Added 111 classes and 0 folders.
[2016.10.31-21.33.47:037][488]LogBlueprint:Warning: Reparenting blueprint Blueprint /Game/FirstPersonCPP/Blueprints/BP_Mine.BP_Mine from Actor to Mine...
[2016.10.31-21.33.47:047][488]BlueprintLog: New page: Compile BP_Mine
[2016.10.31-21.33.47:647][488]LogActor:Warning: BP_Mine_C /Game/FirstPersonCPP/Maps/FirstPersonExampleMap.FirstPersonExampleMap:PersistentLevel.BP_Mine2_350 has natively added scene component(s), but none of them were set as the actor's RootComponent - picking one arbitrarily
[2016.10.31-21.33.47:661][488]LogActor:Warning: BP_Mine_C /Game/FirstPersonCPP/Maps/FirstPersonExampleMap.FirstPersonExampleMap:PersistentLevel.BP_Mine3_569 has natively added scene component(s), but none of them were set as the actor's RootComponent - picking one arbitrarily
[2016.10.31-21.33.47:663][488]LogActor:Warning: BP_Mine_C /Game/FirstPersonCPP/Maps/FirstPersonExampleMap.FirstPersonExampleMap:PersistentLevel.BP_Mine_118 has natively added scene component(s), but none of them were set as the actor's RootComponent - picking one arbitrarily
[2016.10.31-21.33.47:664][488]LogActor:Warning: BP_Mine_C /Engine/Transient.World_2:PersistentLevel.BP_Mine_C_0 has natively added scene component(s), but none of them were set as the actor's RootComponent - picking one arbitrarily
[2016.10.31-21.33.48:287][488]BlueprintEditorCompileResults: Info [0061.82] Compile of BP_Mine successful! [in 1,239 ms] (/Game/FirstPersonCPP/Blueprints/BP_Mine.BP_Mine)
[2016.10.31-21.33.52:565][991]LogRenderer: Reallocating scene render targets to support 1208x900 (Frame:3884).
[2016.10.31-21.33.55:609][176]LogSavePackage: Save=1185.40ms
[2016.10.31-21.33.55:609][176]LogSavePackage: Moving '../../../../../../Users/James Moran/Desktop/TeamShrugGameJam/TeamShrug/Saved/FirstPersonExampleMap308686F343761F86D2FF89895088EEB1.tmp' to '../../../../../../Users/James Moran/Desktop/TeamShrugGameJam/TeamShrug/Content/FirstPersonCPP/Maps/FirstPersonExampleMap.umap'
[2016.10.31-21.33.55:613][176]LogSavePackage:Display: Finished SavePackage ../../../../../../Users/James Moran/Desktop/TeamShrugGameJam/TeamShrug/Content/FirstPersonCPP/Maps/FirstPersonExampleMap.umap
[2016.10.31-21.33.55:632][176]LogFileHelpers: Saving map 'FirstPersonExampleMap' took 1.295
[2016.10.31-21.33.55:647][176]LogSavePackage: Save=7.45ms
[2016.10.31-21.33.55:647][176]LogSavePackage: Moving '../../../../../../Users/James Moran/Desktop/TeamShrugGameJam/TeamShrug/Saved/BP_Mine72DCD3454AD991207231B3AB8F156A7D.tmp' to '../../../../../../Users/James Moran/Desktop/TeamShrugGameJam/TeamShrug/Content/FirstPersonCPP/Blueprints/BP_Mine.uasset'
[2016.10.31-21.33.55:649][176]LogSavePackage:Display: Finished SavePackage ../../../../../../Users/James Moran/Desktop/TeamShrugGameJam/TeamShrug/Content/FirstPersonCPP/Blueprints/BP_Mine.uasset
[2016.10.31-21.39.19:245][165]Recompiling TeamShrug...
[2016.10.31-21.39.19:246][165]Launching UnrealBuildTool... [C:/Program Files (x86)/Epic Games/4.12/Engine/Binaries/DotNET/UnrealBuildTool.exe TeamShrug -ModuleWithSuffix TeamShrug 3827 Win64 Development -editorrecompile -canskiplink "C:/Users/James Moran/Desktop/TeamShrugGameJam/TeamShrug/TeamShrug.uproject"  -2015]
[2016.10.31-21.39.19:252][165]Warning: Starting HotReload took  0.0s.
[2016.10.31-21.39.28:781][949]CompilerResults